[explain_analyze|INFO|pom_db_optimize_script]: 2025-03-06T21:39:33+0100: <sqlalchemy.engine.cursor.CursorResult object at 0x799e38b4e430>
[explain_analyze|INFO|pom_db_optimize_script]: 2025-03-06T21:40:18+0100: <sqlalchemy.engine.result.ScalarResult object at 0x7a24706247d0>
[explain_analyze|INFO|pom_db_optimize_script]: 2025-03-06T21:40:28+0100: ['Gather  (cost=19958.18..58446.07 rows=107882 width=42) (actual time=212.681..390.905 rows=749983 loops=1)', '  Workers Planned: 2', '  Workers Launched: 2', '  ->  Nested Loop  (cost=18958.18..46657.87 rows=44951 width=42) (actual time=196.835..339.043 rows=249994 loops=3)', '        ->  Parallel Hash Semi Join  (cost=18957.75..44301.23 rows=44951 width=20) (actual time=196.753..275.046 rows=249994 loops=3)', '              Hash Cond: (_hyper_2_3_chunk."itemId" = _hyper_1_18_chunk."itemId")', '              ->  Parallel Append  (cost=0.00..19701.84 rows=306498 width=20) (actual time=0.138..63.088 rows=249994 loops=3)', '                    ->  Parallel Seq Scan on _hyper_2_3_chunk  (cost=0.00..12630.64 rows=219650 width=20) (actual time=0.129..34.913 rows=180516 loops=3)', '                          Filter: (("createdHoursSinceLaunch" >= 0) AND ("createdHoursSinceLaunch" <= 312) AND (league = \'Phrecia\'::text) AND (name = \'Watcher\'\'s Eye\'::text) AND ("itemBaseTypeId" = 29))', '                          Rows Removed by Filter: 4680', '                    ->  Parallel Seq Scan on _hyper_2_324_chunk  (cost=0.00..5538.71 rows=122609 width=20) (actual time=0.027..20.091 rows=104218 loops=2)', '                          Filter: (("createdHoursSinceLaunch" >= 0) AND ("createdHoursSinceLaunch" <= 312) AND (league = \'Phrecia\'::text) AND (name = \'Watcher\'\'s Eye\'::text) AND ("itemBaseTypeId" = 29))', '              ->  Parallel Hash  (cost=15830.21..15830.21 rows=190603 width=8) (actual time=79.643..79.645 rows=253978 loops=3)', '                    Buckets: 262144  Batches: 4  Memory Usage: 9536kB', '                    ->  Parallel Append  (cost=0.42..15830.21 rows=190603 width=8) (actual time=0.068..42.479 rows=253978 loops=3)', '                          ->  Parallel Index Only Scan using "_hyper_1_18_chunk_ix_item_modifierId_createdHoursSinceLaunch_ro" on _hyper_1_18_chunk  (cost=0.42..10638.97 rows=137764 width=8) (actual time=0.091..19.359 rows=183994 loops=3)', '                                Index Cond: (("modifierId" = 85) AND ("createdHoursSinceLaunch" >= 0) AND ("createdHoursSinceLaunch" <= 312))', '                                Heap Fetches: 0', '                          ->  Parallel Index Only Scan using "_hyper_1_342_chunk_ix_item_modifierId_createdHoursSinceLaunch_r" on _hyper_1_342_chunk  (cost=0.42..4238.23 rows=68179 width=8) (actual time=0.064..11.659 rows=104976 loops=2)', '                                Index Cond: (("modifierId" = 85) AND ("createdHoursSinceLaunch" >= 0) AND ("createdHoursSinceLaunch" <= 312))', '                                Heap Fetches: 0', '        ->  Memoize  (cost=0.43..0.45 rows=1 width=26) (actual time=0.000..0.000 rows=1 loops=749983)', '              Cache Key: _hyper_2_3_chunk."currencyId"', '              Cache Mode: logical', '              Hits: 217460  Misses: 632  Evictions: 0  Overflows: 0  Memory Usage: 75kB', '              Worker 0:  Hits: 273618  Misses: 655  Evictions: 0  Overflows: 0  Memory Usage: 77kB', '              Worker 1:  Hits: 256972  Misses: 646  Evictions: 0  Overflows: 0  Memory Usage: 76kB', '              ->  Index Scan using currency_pkey on currency  (cost=0.42..0.44 rows=1 width=26) (actual time=0.003..0.003 rows=1 loops=1933)', '                    Index Cond: ("currencyId" = _hyper_2_3_chunk."currencyId")', 'Planning Time: 8.020 ms', 'Execution Time: 414.349 ms']
{"logger": "explain_analyze", "level": "INFO", "timestamp": "2025-03-06T20:51:31.661585+00:00", "message": "['Gather  (cost=19958.18..58446.07 rows=107882 width=42) (actual time=186.561..378.638 rows=749983 loops=1)', '  Workers Planned: 2', '  Workers Launched: 2', '  ->  Nested Loop  (cost=18958.18..46657.87 rows=44951 width=42) (actual time=197.810..335.473 rows=249994 loops=3)', '        ->  Parallel Hash Semi Join  (cost=18957.75..44301.23 rows=44951 width=20) (actual time=197.735..271.318 rows=249994 loops=3)', '              Hash Cond: (_hyper_2_3_chunk.\"itemId\" = _hyper_1_18_chunk.\"itemId\")', '              ->  Parallel Append  (cost=0.00..19701.84 rows=306498 width=20) (actual time=0.115..62.589 rows=249994 loops=3)', '                    ->  Parallel Seq Scan on _hyper_2_3_chunk  (cost=0.00..12630.64 rows=219650 width=20) (actual time=0.111..34.610 rows=180516 loops=3)', '                          Filter: ((\"createdHoursSinceLaunch\" >= 0) AND (\"createdHoursSinceLaunch\" <= 312) AND (league = \\'Phrecia\\'::text) AND (name = \\'Watcher\\'\\'s Eye\\'::text) AND (\"itemBaseTypeId\" = 29))', '                          Rows Removed by Filter: 4680', '                    ->  Parallel Seq Scan on _hyper_2_324_chunk  (cost=0.00..5538.71 rows=122609 width=20) (actual time=0.019..19.840 rows=104218 loops=2)', '                          Filter: ((\"createdHoursSinceLaunch\" >= 0) AND (\"createdHoursSinceLaunch\" <= 312) AND (league = \\'Phrecia\\'::text) AND (name = \\'Watcher\\'\\'s Eye\\'::text) AND (\"itemBaseTypeId\" = 29))', '              ->  Parallel Hash  (cost=15830.21..15830.21 rows=190603 width=8) (actual time=81.146..81.148 rows=253978 loops=3)', '                    Buckets: 262144  Batches: 4  Memory Usage: 9536kB', '                    ->  Parallel Append  (cost=0.42..15830.21 rows=190603 width=8) (actual time=0.071..42.534 rows=253978 loops=3)', '                          ->  Parallel Index Only Scan using \"_hyper_1_18_chunk_ix_item_modifierId_createdHoursSinceLaunch_ro\" on _hyper_1_18_chunk  (cost=0.42..10638.97 rows=137764 width=8) (actual time=0.052..19.750 rows=183994 loops=3)', '                                Index Cond: ((\"modifierId\" = 85) AND (\"createdHoursSinceLaunch\" >= 0) AND (\"createdHoursSinceLaunch\" <= 312))', '                                Heap Fetches: 0', '                          ->  Parallel Index Only Scan using \"_hyper_1_342_chunk_ix_item_modifierId_createdHoursSinceLaunch_r\" on _hyper_1_342_chunk  (cost=0.42..4238.23 rows=68179 width=8) (actual time=0.067..10.853 rows=104976 loops=2)', '                                Index Cond: ((\"modifierId\" = 85) AND (\"createdHoursSinceLaunch\" >= 0) AND (\"createdHoursSinceLaunch\" <= 312))', '                                Heap Fetches: 0', '        ->  Memoize  (cost=0.43..0.45 rows=1 width=26) (actual time=0.000..0.000 rows=1 loops=749983)', '              Cache Key: _hyper_2_3_chunk.\"currencyId\"', '              Cache Mode: logical', '              Hits: 235599  Misses: 647  Evictions: 0  Overflows: 0  Memory Usage: 76kB', '              Worker 0:  Hits: 258144  Misses: 646  Evictions: 0  Overflows: 0  Memory Usage: 76kB', '              Worker 1:  Hits: 254313  Misses: 634  Evictions: 0  Overflows: 0  Memory Usage: 75kB', '              ->  Index Scan using currency_pkey on currency  (cost=0.42..0.44 rows=1 width=26) (actual time=0.003..0.003 rows=1 loops=1927)', '                    Index Cond: (\"currencyId\" = _hyper_2_3_chunk.\"currencyId\")', 'Planning Time: 8.241 ms', 'Execution Time: 402.179 ms']"}
