{
    "Plan": {
        "Node Type": "Hash Join",
        "Parallel Aware": false,
        "Async Capable": false,
        "Join Type": "Inner",
        "Startup Cost": 35965.69,
        "Total Cost": 83878.04,
        "Plan Rows": 373456,
        "Plan Width": 42,
        "Actual Startup Time": 592.03,
        "Actual Total Time": 1180.424,
        "Actual Rows": 759768,
        "Actual Loops": 1,
        "Inner Unique": true,
        "Hash Cond": "(_hyper_2_324_chunk.\"currencyId\" = currency.\"currencyId\")",
        "Plans": [
            {
                "Node Type": "Hash Join",
                "Parent Relationship": "Outer",
                "Parallel Aware": false,
                "Async Capable": false,
                "Join Type": "Inner",
                "Startup Cost": 26533.0,
                "Total Cost": 67336.02,
                "Plan Rows": 373456,
                "Plan Width": 20,
                "Actual Startup Time": 527.661,
                "Actual Total Time": 948.774,
                "Actual Rows": 759768,
                "Actual Loops": 1,
                "Inner Unique": true,
                "Hash Cond": "(_hyper_2_324_chunk.\"itemId\" = _hyper_1_18_chunk.\"itemId\")",
                "Plans": [
                    {
                        "Node Type": "Append",
                        "Parent Relationship": "Outer",
                        "Parallel Aware": false,
                        "Async Capable": false,
                        "Startup Cost": 0.0,
                        "Total Cost": 34687.67,
                        "Plan Rows": 746912,
                        "Plan Width": 20,
                        "Actual Startup Time": 0.026,
                        "Actual Total Time": 139.363,
                        "Actual Rows": 759768,
                        "Actual Loops": 1,
                        "Subplans Removed": 0,
                        "Plans": [
                            {
                                "Node Type": "Seq Scan",
                                "Parent Relationship": "Member",
                                "Parallel Aware": false,
                                "Async Capable": false,
                                "Relation Name": "_hyper_2_324_chunk",
                                "Alias": "_hyper_2_324_chunk",
                                "Startup Cost": 0.0,
                                "Total Cost": 7521.81,
                                "Plan Rows": 208436,
                                "Plan Width": 20,
                                "Actual Startup Time": 0.024,
                                "Actual Total Time": 28.556,
                                "Actual Rows": 208436,
                                "Actual Loops": 1,
                                "Filter": "((\"createdHoursSinceLaunch\" >= 0) AND (\"createdHoursSinceLaunch\" <= 312) AND (league = 'Phrecia'::text) AND (name = 'Watcher''s Eye'::text) AND (\"itemBaseTypeId\" = 29))",
                                "Rows Removed by Filter": 0
                            },
                            {
                                "Node Type": "Seq Scan",
                                "Parent Relationship": "Member",
                                "Parallel Aware": false,
                                "Async Capable": false,
                                "Relation Name": "_hyper_2_3_chunk",
                                "Alias": "_hyper_2_3_chunk",
                                "Startup Cost": 0.0,
                                "Total Cost": 23431.3,
                                "Plan Rows": 538476,
                                "Plan Width": 20,
                                "Actual Startup Time": 0.216,
                                "Actual Total Time": 81.85,
                                "Actual Rows": 551332,
                                "Actual Loops": 1,
                                "Filter": "((\"createdHoursSinceLaunch\" >= 0) AND (\"createdHoursSinceLaunch\" <= 312) AND (league = 'Phrecia'::text) AND (name = 'Watcher''s Eye'::text) AND (\"itemBaseTypeId\" = 29))",
                                "Rows Removed by Filter": 102148
                            }
                        ]
                    },
                    {
                        "Node Type": "Hash",
                        "Parent Relationship": "Inner",
                        "Parallel Aware": false,
                        "Async Capable": false,
                        "Startup Cost": 26530.5,
                        "Total Cost": 26530.5,
                        "Plan Rows": 200,
                        "Plan Width": 8,
                        "Actual Startup Time": 527.596,
                        "Actual Total Time": 527.599,
                        "Actual Rows": 771921,
                        "Actual Loops": 1,
                        "Hash Buckets": 262144,
                        "Original Hash Buckets": 1024,
                        "Hash Batches": 4,
                        "Original Hash Batches": 1,
                        "Peak Memory Usage": 9568,
                        "Plans": [
                            {
                                "Node Type": "Aggregate",
                                "Strategy": "Hashed",
                                "Partial Mode": "Simple",
                                "Parent Relationship": "Outer",
                                "Parallel Aware": false,
                                "Async Capable": false,
                                "Startup Cost": 26528.5,
                                "Total Cost": 26530.5,
                                "Plan Rows": 200,
                                "Plan Width": 8,
                                "Actual Startup Time": 198.927,
                                "Actual Total Time": 440.731,
                                "Actual Rows": 771921,
                                "Actual Loops": 1,
                                "Group Key": [
                                    "_hyper_1_18_chunk.\"itemId\""
                                ],
                                "Planned Partitions": 0,
                                "HashAgg Batches": 21,
                                "Peak Memory Usage": 10305,
                                "Disk Usage": 19760,
                                "Plans": [
                                    {
                                        "Node Type": "Append",
                                        "Parent Relationship": "Outer",
                                        "Parallel Aware": false,
                                        "Async Capable": false,
                                        "Startup Cost": 0.42,
                                        "Total Cost": 24602.87,
                                        "Plan Rows": 770253,
                                        "Plan Width": 8,
                                        "Actual Startup Time": 0.094,
                                        "Actual Total Time": 85.73,
                                        "Actual Rows": 771921,
                                        "Actual Loops": 1,
                                        "Subplans Removed": 0,
                                        "Plans": [
                                            {
                                                "Node Type": "Index Only Scan",
                                                "Parent Relationship": "Member",
                                                "Parallel Aware": false,
                                                "Async Capable": false,
                                                "Scan Direction": "Forward",
                                                "Index Name": "_hyper_1_18_chunk_ix_item_modifierId_createdHoursSinceLaunch_ro",
                                                "Relation Name": "_hyper_1_18_chunk",
                                                "Alias": "_hyper_1_18_chunk",
                                                "Startup Cost": 0.42,
                                                "Total Cost": 15056.83,
                                                "Plan Rows": 560264,
                                                "Plan Width": 8,
                                                "Actual Startup Time": 0.093,
                                                "Actual Total Time": 40.221,
                                                "Actual Rows": 561968,
                                                "Actual Loops": 1,
                                                "Index Cond": "((\"modifierId\" = 85) AND (\"createdHoursSinceLaunch\" >= 0) AND (\"createdHoursSinceLaunch\" <= 312))",
                                                "Rows Removed by Index Recheck": 0,
                                                "Heap Fetches": 0
                                            },
                                            {
                                                "Node Type": "Index Only Scan",
                                                "Parent Relationship": "Member",
                                                "Parallel Aware": false,
                                                "Async Capable": false,
                                                "Scan Direction": "Forward",
                                                "Index Name": "_hyper_1_342_chunk_ix_item_modifierId_createdHoursSinceLaunch_r",
                                                "Relation Name": "_hyper_1_342_chunk",
                                                "Alias": "_hyper_1_342_chunk",
                                                "Startup Cost": 0.42,
                                                "Total Cost": 5694.78,
                                                "Plan Rows": 209989,
                                                "Plan Width": 8,
                                                "Actual Startup Time": 0.047,
                                                "Actual Total Time": 12.681,
                                                "Actual Rows": 209953,
                                                "Actual Loops": 1,
                                                "Index Cond": "((\"modifierId\" = 85) AND (\"createdHoursSinceLaunch\" >= 0) AND (\"createdHoursSinceLaunch\" <= 312))",
                                                "Rows Removed by Index Recheck": 0,
                                                "Heap Fetches": 0
                                            }
                                        ]
                                    }
                                ]
                            }
                        ]
                    }
                ]
            },
            {
                "Node Type": "Hash",
                "Parent Relationship": "Inner",
                "Parallel Aware": false,
                "Async Capable": false,
                "Startup Cost": 4480.75,
                "Total Cost": 4480.75,
                "Plan Rows": 256075,
                "Plan Width": 26,
                "Actual Startup Time": 63.123,
                "Actual Total Time": 63.123,
                "Actual Rows": 256075,
                "Actual Loops": 1,
                "Hash Buckets": 262144,
                "Original Hash Buckets": 262144,
                "Hash Batches": 4,
                "Original Hash Batches": 4,
                "Peak Memory Usage": 5939,
                "Plans": [
                    {
                        "Node Type": "Seq Scan",
                        "Parent Relationship": "Outer",
                        "Parallel Aware": false,
                        "Async Capable": false,
                        "Relation Name": "currency",
                        "Alias": "currency",
                        "Startup Cost": 0.0,
                        "Total Cost": 4480.75,
                        "Plan Rows": 256075,
                        "Plan Width": 26,
                        "Actual Startup Time": 0.024,
                        "Actual Total Time": 19.831,
                        "Actual Rows": 256075,
                        "Actual Loops": 1
                    }
                ]
            }
        ]
    },
    "Planning Time": 7.539,
    "Triggers": [],
    "Execution Time": 1203.2
}